2025-11-01 18:12:13,036 - main - INFO - ByBit Trading Bot Pro запускается...
2025-11-01 18:12:15,156 - api.bybit_client - INFO - ByBit клиент инициализирован
2025-11-01 18:12:15,157 - api.trading_engine - INFO - Торговый движок инициализирован
2025-11-01 18:12:15,157 - api.technical_analysis - INFO - Модуль технического анализа инициализирован
2025-11-01 18:12:15,157 - api.risk_manager - INFO - Менеджер рисков инициализирован
2025-11-01 18:12:15,157 - api.portfolio_manager - INFO - Менеджер портфеля инициализирован
2025-11-01 18:12:15,159 - api.alert_system - INFO - Система уведомлений инициализирована
2025-11-01 18:12:15,160 - api.backtester - INFO - Модуль бэктестинга инициализирован
2025-11-01 18:12:15,160 - api.data_manager - INFO - Менеджер данных инициализирован
2025-11-01 18:12:16,224 - api.bybit_client - INFO - Успешное подключение к ByBit REST API
2025-11-01 18:12:16,224 - main - INFO - Подключение к ByBit API установлено
2025-11-01 18:15:13,667 - api.bybit_client - INFO - Успешное подключение к ByBit REST API
2025-11-01 18:15:44,306 - api.bybit_client - INFO - Успешное подключение к ByBit REST API
2025-11-01 18:16:14,606 - api.bybit_client - INFO - Успешное подключение к ByBit REST API
2025-11-01 18:16:44,311 - api.bybit_client - INFO - Успешное подключение к ByBit REST API
2025-11-01 18:17:14,609 - api.bybit_client - INFO - Успешное подключение к ByBit REST API
2025-11-01 18:17:44,317 - api.bybit_client - INFO - Успешное подключение к ByBit REST API
2025-11-01 18:18:14,623 - api.bybit_client - INFO - Успешное подключение к ByBit REST API
2025-11-01 18:18:43,551 - api.bybit_client - INFO - Успешное подключение к ByBit REST API
2025-11-01 18:19:13,869 - api.bybit_client - INFO - Успешное подключение к ByBit REST API
2025-11-01 18:19:42,224 - api.bybit_client - INFO - Успешное подключение к ByBit REST API
2025-11-01 18:19:56,693 - api.bybit_client - INFO - Успешное подключение к ByBit REST API
2025-11-01 18:20:27,614 - api.bybit_client - INFO - Успешное подключение к ByBit REST API
2025-11-01 18:20:57,307 - api.bybit_client - INFO - Успешное подключение к ByBit REST API
2025-11-01 18:21:00,114 - main - INFO - ByBit Trading Bot Pro останавливается...
2025-11-01 18:21:00,114 - api.trading_engine - INFO - Все стратегии остановлены
2025-11-01 18:21:00,114 - main - INFO - Все торговые стратегии остановлены
2025-11-01 18:41:12,949 - main - INFO - ByBit Trading Bot Pro запускается...
2025-11-01 18:41:13,486 - api.bybit_client - INFO - ByBit клиент инициализирован
2025-11-01 18:41:13,486 - api.trading_engine - INFO - Торговый движок инициализирован
2025-11-01 18:41:13,486 - api.technical_analysis - INFO - Модуль технического анализа инициализирован
2025-11-01 18:41:13,486 - api.risk_manager - INFO - Менеджер рисков инициализирован
2025-11-01 18:41:13,486 - api.portfolio_manager - INFO - Менеджер портфеля инициализирован
2025-11-01 18:41:13,486 - api.alert_system - INFO - Система уведомлений инициализирована
2025-11-01 18:41:13,487 - api.backtester - INFO - Модуль бэктестинга инициализирован
2025-11-01 18:41:13,487 - api.data_manager - INFO - Менеджер данных инициализирован
2025-11-01 18:41:14,781 - api.bybit_client - INFO - Успешное подключение к ByBit REST API
2025-11-01 18:41:14,782 - main - INFO - Подключение к ByBit API установлено
2025-11-03 20:58:38,040 - main - INFO - ByBit Trading Bot Pro запускается...
2025-11-03 20:58:40,586 - api.bybit_client - INFO - ByBit клиент инициализирован
2025-11-03 20:58:40,586 - api.trading_engine - INFO - Торговый движок инициализирован
2025-11-03 20:58:40,586 - api.technical_analysis - INFO - Модуль технического анализа инициализирован
2025-11-03 20:58:40,586 - api.risk_manager - INFO - Менеджер рисков инициализирован
2025-11-03 20:58:40,586 - api.portfolio_manager - INFO - Менеджер портфеля инициализирован
2025-11-03 20:58:40,586 - api.alert_system - INFO - Система уведомлений инициализирована
2025-11-03 20:58:40,586 - api.backtester - INFO - Модуль бэктестинга инициализирован
2025-11-03 20:58:40,586 - api.data_manager - INFO - Менеджер данных инициализирован
2025-11-03 20:58:41,689 - api.bybit_client - INFO - Успешное подключение к ByBit REST API
2025-11-03 20:58:41,689 - main - INFO - Подключение к ByBit API установлено
2025-11-03 21:06:24,685 - main - INFO - ByBit Trading Bot Pro запускается...
2025-11-03 21:06:25,221 - api.bybit_client - INFO - ByBit клиент инициализирован
2025-11-03 21:06:25,221 - api.trading_engine - INFO - Торговый движок инициализирован
2025-11-03 21:06:25,221 - api.technical_analysis - INFO - Модуль технического анализа инициализирован
2025-11-03 21:06:25,221 - api.risk_manager - INFO - Менеджер рисков инициализирован
2025-11-03 21:06:25,221 - api.portfolio_manager - INFO - Менеджер портфеля инициализирован
2025-11-03 21:06:25,221 - api.alert_system - INFO - Система уведомлений инициализирована
2025-11-03 21:06:25,221 - api.backtester - INFO - Модуль бэктестинга инициализирован
2025-11-03 21:06:25,221 - api.data_manager - INFO - Менеджер данных инициализирован
2025-11-03 21:06:25,897 - api.bybit_client - INFO - Успешное подключение к ByBit REST API
2025-11-03 21:06:25,897 - main - INFO - Подключение к ByBit API установлено
2025-11-03 21:06:30,220 - api.bybit_client - INFO - Успешное подключение к ByBit REST API
2025-11-03 21:06:57,431 - api.bybit_client - INFO - Успешное подключение к ByBit REST API
2025-11-03 21:07:00,289 - api.bybit_client - INFO - Успешное подключение к ByBit REST API
2025-11-03 21:07:18,757 - api.bybit_client - INFO - Успешное подключение к ByBit REST API
2025-11-03 21:07:29,869 - api.bybit_client - INFO - Успешное подключение к ByBit REST API
2025-11-03 21:08:00,515 - api.bybit_client - INFO - Успешное подключение к ByBit REST API
2025-11-03 21:08:11,486 - main - INFO - ByBit Trading Bot Pro останавливается...
2025-11-03 21:08:11,486 - api.trading_engine - INFO - Все стратегии остановлены
2025-11-03 21:08:11,486 - main - INFO - Все торговые стратегии остановлены
2025-11-03 21:47:33,546 - main - INFO - ByBit Trading Bot Pro запускается...
2025-11-03 21:47:34,094 - api.bybit_client - INFO - ByBit клиент инициализирован
2025-11-03 21:47:34,094 - api.trading_engine - INFO - Торговый движок инициализирован
2025-11-03 21:47:34,094 - api.technical_analysis - INFO - Модуль технического анализа инициализирован
2025-11-03 21:47:34,095 - api.risk_manager - INFO - Менеджер рисков инициализирован
2025-11-03 21:47:34,095 - api.portfolio_manager - INFO - Менеджер портфеля инициализирован
2025-11-03 21:47:34,095 - api.alert_system - INFO - Система уведомлений инициализирована
2025-11-03 21:47:34,095 - api.backtester - INFO - Модуль бэктестинга инициализирован
2025-11-03 21:47:34,095 - api.data_manager - INFO - Менеджер данных инициализирован
2025-11-03 21:47:34,933 - api.bybit_client - INFO - Успешное подключение к ByBit REST API
2025-11-03 21:47:34,933 - main - INFO - Подключение к ByBit API установлено
2025-11-03 21:47:38,439 - api.bybit_client - INFO - Успешное подключение к ByBit REST API
2025-11-03 21:47:39,515 - api.bybit_client - INFO - Успешное подключение к ByBit REST API
2025-11-03 21:48:09,525 - api.bybit_client - INFO - Успешное подключение к ByBit REST API
2025-11-03 21:48:39,526 - api.bybit_client - INFO - Успешное подключение к ByBit REST API
2025-11-03 21:49:09,830 - api.bybit_client - INFO - Успешное подключение к ByBit REST API
2025-11-03 21:49:39,558 - api.bybit_client - INFO - Успешное подключение к ByBit REST API
2025-11-03 21:50:09,553 - api.bybit_client - INFO - Успешное подключение к ByBit REST API
2025-11-03 21:50:39,552 - api.bybit_client - INFO - Успешное подключение к ByBit REST API
2025-11-03 21:50:59,625 - api.bybit_client - INFO - Успешное подключение к ByBit REST API
2025-11-03 21:51:30,556 - api.bybit_client - INFO - Успешное подключение к ByBit REST API
2025-11-03 21:52:00,863 - api.bybit_client - INFO - Успешное подключение к ByBit REST API
2025-11-03 21:52:30,564 - api.bybit_client - INFO - Успешное подключение к ByBit REST API
2025-11-03 21:53:00,557 - api.bybit_client - INFO - Успешное подключение к ByBit REST API
2025-11-03 21:53:29,989 - api.bybit_client - INFO - Успешное подключение к ByBit REST API
2025-11-03 21:54:00,871 - api.bybit_client - INFO - Успешное подключение к ByBit REST API
2025-11-03 21:55:09,872 - api.bybit_client - INFO - Успешное подключение к ByBit REST API
2025-11-03 21:55:59,351 - api.bybit_client - INFO - Успешное подключение к ByBit REST API
2025-11-03 21:56:30,583 - api.bybit_client - INFO - Успешное подключение к ByBit REST API
2025-11-03 21:57:09,567 - api.bybit_client - INFO - Успешное подключение к ByBit REST API
2025-11-03 21:57:29,939 - api.bybit_client - INFO - Успешное подключение к ByBit REST API
2025-11-03 21:58:00,566 - api.bybit_client - INFO - Успешное подключение к ByBit REST API
2025-11-03 21:58:30,564 - api.bybit_client - INFO - Успешное подключение к ByBit REST API
2025-11-03 21:59:09,551 - api.bybit_client - INFO - Успешное подключение к ByBit REST API
2025-11-03 22:00:09,565 - api.bybit_client - INFO - Успешное подключение к ByBit REST API
2025-11-03 22:01:09,914 - api.bybit_client - INFO - Успешное подключение к ByBit REST API
2025-11-03 22:02:09,855 - api.bybit_client - INFO - Успешное подключение к ByBit REST API
2025-11-03 22:02:29,634 - api.bybit_client - INFO - Успешное подключение к ByBit REST API
2025-11-03 22:02:32,713 - api.bybit_client - INFO - Успешное подключение к ByBit REST API
2025-11-03 22:02:59,946 - api.bybit_client - INFO - Успешное подключение к ByBit REST API
2025-11-03 22:03:30,559 - api.bybit_client - INFO - Успешное подключение к ByBit REST API
2025-11-03 22:03:39,230 - main - INFO - ByBit Trading Bot Pro останавливается...
2025-11-03 22:03:39,230 - api.trading_engine - INFO - Все стратегии остановлены
2025-11-03 22:03:39,230 - main - INFO - Все торговые стратегии остановлены
